01:07:37:40___21-12-23 [background-preinit] INFO  o.h.validator.internal.util.Version.<clinit> - HV000001: Hibernate Validator 8.0.1.Final
01:07:37:82___21-12-23 [restartedMain] INFO  c.k.E.EComerceBackEndSpringBootApplication.logStarting - Starting EComerceBackEndSpringBootApplication using Java 17.0.7 with PID 13532 (C:\Users\X1 Carbon\Desktop\Ecomerce Project\E-comerce-backEnd-spring-boot\target\classes started by X1 Carbon in C:\Users\X1 Carbon\Desktop\Ecomerce Project\E-comerce-backEnd-spring-boot)
01:07:37:83___21-12-23 [restartedMain] INFO  c.k.E.EComerceBackEndSpringBootApplication.logStartupProfileInfo - No active profile set, falling back to 1 default profile: "default"
01:07:38:16___21-12-23 [restartedMain] INFO  o.s.b.d.e.DevToolsPropertyDefaultsPostProcessor.logTo - Devtools property defaults active! Set 'spring.devtools.add-properties' to 'false' to disable
01:07:38:16___21-12-23 [restartedMain] INFO  o.s.b.d.e.DevToolsPropertyDefaultsPostProcessor.logTo - For additional web related logging consider setting the 'logging.level.web' property to 'DEBUG'
01:07:42:14___21-12-23 [restartedMain] INFO  o.s.d.r.c.RepositoryConfigurationDelegate.registerRepositoriesIn - Bootstrapping Spring Data JPA repositories in DEFAULT mode.
01:07:42:24___21-12-23 [restartedMain] INFO  o.s.d.r.c.RepositoryConfigurationDelegate.registerRepositoriesIn - Finished Spring Data repository scanning in 92 ms. Found 3 JPA repository interfaces.
01:07:43:31___21-12-23 [restartedMain] INFO  o.s.b.w.e.tomcat.TomcatWebServer.initialize - Tomcat initialized with port 9090 (http)
01:07:43:32___21-12-23 [restartedMain] INFO  o.a.coyote.http11.Http11NioProtocol.log - Initializing ProtocolHandler ["http-nio-9090"]
01:07:43:32___21-12-23 [restartedMain] INFO  o.a.catalina.core.StandardService.log - Starting service [Tomcat]
01:07:43:33___21-12-23 [restartedMain] INFO  o.a.catalina.core.StandardEngine.log - Starting Servlet engine: [Apache Tomcat/10.1.16]
01:07:43:41___21-12-23 [restartedMain] INFO  o.a.c.c.C.[Tomcat].[localhost].[/].log - Initializing Spring embedded WebApplicationContext
01:07:43:41___21-12-23 [restartedMain] INFO  o.s.b.w.s.c.ServletWebServerApplicationContext.prepareWebApplicationContext - Root WebApplicationContext: initialization completed in 5247 ms
01:07:43:62___21-12-23 [restartedMain] INFO  o.h.jpa.internal.util.LogHelper.logPersistenceUnitInformation - HHH000204: Processing PersistenceUnitInfo [name: default]
01:07:43:70___21-12-23 [restartedMain] INFO  org.hibernate.Version.logVersion - HHH000412: Hibernate ORM core version 6.3.1.Final
01:07:43:77___21-12-23 [restartedMain] INFO  o.h.c.i.RegionFactoryInitiator.initiateService - HHH000026: Second-level cache disabled
01:07:44:15___21-12-23 [restartedMain] INFO  o.s.o.j.p.SpringPersistenceUnitInfo.addTransformer - No LoadTimeWeaver setup: ignoring JPA class transformer
01:07:44:20___21-12-23 [restartedMain] INFO  com.zaxxer.hikari.HikariDataSource.getConnection - HikariPool-1 - Starting...
01:07:44:60___21-12-23 [restartedMain] INFO  com.zaxxer.hikari.pool.HikariPool.checkFailFast - HikariPool-1 - Added connection com.mysql.cj.jdbc.ConnectionImpl@670ac740
01:07:44:60___21-12-23 [restartedMain] INFO  com.zaxxer.hikari.HikariDataSource.getConnection - HikariPool-1 - Start completed.
01:07:46:17___21-12-23 [restartedMain] INFO  o.h.e.t.j.p.i.JtaPlatformInitiator.initiateService - HHH000489: No JTA platform available (set 'hibernate.transaction.jta.platform' to enable JTA platform integration)
01:07:46:25___21-12-23 [restartedMain] INFO  o.s.o.j.LocalContainerEntityManagerFactoryBean.buildNativeEntityManagerFactory - Initialized JPA EntityManagerFactory for persistence unit 'default'
01:07:46:93___21-12-23 [restartedMain] WARN  o.s.b.a.o.j.JpaBaseConfiguration$JpaWebConfiguration.openEntityManagerInViewInterceptor - spring.jpa.open-in-view is enabled by default. Therefore, database queries may be performed during view rendering. Explicitly configure spring.jpa.open-in-view to disable this warning
01:07:47:33___21-12-23 [restartedMain] INFO  o.s.s.web.DefaultSecurityFilterChain.<init> - Will secure any request with [org.springframework.security.web.session.DisableEncodeUrlFilter@e90ca01, org.springframework.security.web.context.request.async.WebAsyncManagerIntegrationFilter@5f5cd8e9, org.springframework.security.web.context.SecurityContextHolderFilter@7a490eab, org.springframework.security.web.header.HeaderWriterFilter@77d3bbc6, org.springframework.web.filter.CorsFilter@3e715424, org.springframework.security.web.authentication.logout.LogoutFilter@f380447, com.kh.EcomercebackEndspringboot.Filter.JwtFilter@48e5d995, org.springframework.security.web.savedrequest.RequestCacheAwareFilter@2da18953, org.springframework.security.web.servletapi.SecurityContextHolderAwareRequestFilter@2909d28c, org.springframework.security.web.authentication.AnonymousAuthenticationFilter@6720715c, org.springframework.security.web.session.SessionManagementFilter@7824171b, org.springframework.security.web.access.ExceptionTranslationFilter@fa99398, org.springframework.security.web.access.intercept.AuthorizationFilter@30ec3e24]
01:07:47:66___21-12-23 [restartedMain] INFO  o.s.b.d.a.OptionalLiveReloadServer.startServer - LiveReload server is running on port 35729
01:07:47:69___21-12-23 [restartedMain] INFO  o.a.coyote.http11.Http11NioProtocol.log - Starting ProtocolHandler ["http-nio-9090"]
01:07:47:71___21-12-23 [restartedMain] INFO  o.s.b.w.e.tomcat.TomcatWebServer.start - Tomcat started on port 9090 (http) with context path ''
01:07:47:72___21-12-23 [restartedMain] INFO  c.k.E.EComerceBackEndSpringBootApplication.logStarted - Started EComerceBackEndSpringBootApplication in 10.971 seconds (process running for 12.507)
01:08:11:97___21-12-23 [http-nio-9090-exec-1] INFO  o.a.c.c.C.[Tomcat].[localhost].[/].log - Initializing Spring DispatcherServlet 'dispatcherServlet'
01:08:11:97___21-12-23 [http-nio-9090-exec-1] INFO  o.s.web.servlet.DispatcherServlet.initServletBean - Initializing Servlet 'dispatcherServlet'
01:08:11:97___21-12-23 [http-nio-9090-exec-1] INFO  o.s.web.servlet.DispatcherServlet.initServletBean - Completed initialization in 2 ms
01:08:11:99___21-12-23 [http-nio-9090-exec-1] WARN  o.s.w.s.h.HandlerMappingIntrospector.logCacheMiss - Cache miss for REQUEST dispatch to '/product/getProductByPrice/12' (previous null). Performing CorsConfiguration lookup. This is logged once only at WARN level, and every time at TRACE.
01:08:12:01___21-12-23 [http-nio-9090-exec-1] WARN  o.s.w.s.h.HandlerMappingIntrospector.logCacheMiss - Cache miss for REQUEST dispatch to '/product/getProductByPrice/12' (previous null). Performing MatchableHandlerMapping lookup. This is logged once only at WARN level, and every time at TRACE.
01:08:12:16___21-12-23 [http-nio-9090-exec-2] ERROR c.k.E.Service.ProductService.searchByPrice - GetProduct By Price Has Been done
01:08:12:16___21-12-23 [http-nio-9090-exec-1] ERROR c.k.E.Service.ProductService.searchByPrice - GetProduct By Price Has Been done
01:08:12:26___21-12-23 [http-nio-9090-exec-3] ERROR c.k.E.Service.ProductService.searchByPrice - GetProduct By Price Has Been done
01:08:12:42___21-12-23 [http-nio-9090-exec-4] ERROR c.k.E.Service.ProductService.searchByPrice - GetProduct By Price Has Been done
01:08:12:59___21-12-23 [http-nio-9090-exec-6] ERROR c.k.E.Service.ProductService.searchByPrice - GetProduct By Price Has Been done
01:08:12:77___21-12-23 [http-nio-9090-exec-8] ERROR c.k.E.Service.ProductService.searchByPrice - GetProduct By Price Has Been done
01:08:12:96___21-12-23 [http-nio-9090-exec-10] ERROR c.k.E.Service.ProductService.searchByPrice - GetProduct By Price Has Been done
01:08:13:35___21-12-23 [http-nio-9090-exec-2] ERROR c.k.E.Service.ProductService.searchByPrice - GetProduct By Price Has Been done
01:08:13:56___21-12-23 [http-nio-9090-exec-3] ERROR c.k.E.Service.ProductService.searchByPrice - GetProduct By Price Has Been done
01:08:13:76___21-12-23 [http-nio-9090-exec-5] ERROR c.k.E.Service.ProductService.searchByPrice - GetProduct By Price Has Been done
01:08:13:93___21-12-23 [http-nio-9090-exec-8] ERROR c.k.E.Service.ProductService.searchByPrice - GetProduct By Price Has Been done
01:08:14:12___21-12-23 [http-nio-9090-exec-10] ERROR c.k.E.Service.ProductService.searchByPrice - GetProduct By Price Has Been done
01:08:14:31___21-12-23 [http-nio-9090-exec-2] ERROR c.k.E.Service.ProductService.searchByPrice - GetProduct By Price Has Been done
01:08:14:46___21-12-23 [http-nio-9090-exec-3] ERROR c.k.E.Service.ProductService.searchByPrice - GetProduct By Price Has Been done
01:08:14:68___21-12-23 [http-nio-9090-exec-5] ERROR c.k.E.Service.ProductService.searchByPrice - GetProduct By Price Has Been done
01:08:14:85___21-12-23 [http-nio-9090-exec-8] ERROR c.k.E.Service.ProductService.searchByPrice - GetProduct By Price Has Been done
01:08:15:05___21-12-23 [http-nio-9090-exec-10] ERROR c.k.E.Service.ProductService.searchByPrice - GetProduct By Price Has Been done
01:08:15:40___21-12-23 [http-nio-9090-exec-2] ERROR c.k.E.Service.ProductService.searchByPrice - GetProduct By Price Has Been done
01:08:15:59___21-12-23 [http-nio-9090-exec-3] ERROR c.k.E.Service.ProductService.searchByPrice - GetProduct By Price Has Been done
01:08:33:27___21-12-23 [SpringApplicationShutdownHook] INFO  o.s.o.j.LocalContainerEntityManagerFactoryBean.destroy - Closing JPA EntityManagerFactory for persistence unit 'default'
01:08:33:28___21-12-23 [SpringApplicationShutdownHook] INFO  com.zaxxer.hikari.HikariDataSource.close - HikariPool-1 - Shutdown initiated...
01:08:33:30___21-12-23 [SpringApplicationShutdownHook] INFO  com.zaxxer.hikari.HikariDataSource.close - HikariPool-1 - Shutdown completed.
